[2023-04-29T18:35:24.907] [ERROR] default - Error: Authenticate
    at success (C:\Users\Pc\Desktop\copias\asda\desafio\node_modules\twilio\lib\base\Version.js:79:23)
    at processTicksAndRejections (node:internal/process/task_queues:96:5)
    at async Whatsapp (file:///C:/Users/Pc/Desktop/copias/asda/desafio/services/twilio.js:16:21)
    at async afterPurchase (file:///C:/Users/Pc/Desktop/copias/asda/desafio/controllers/buy.js:16:3) {
  status: 401,
  code: 20003,
  moreInfo: 'https://www.twilio.com/docs/errors/20003',
  details: undefined
}
[2023-04-29T18:37:16.661] [ERROR] default - Error: Authenticate
    at success (C:\Users\Pc\Desktop\copias\asda\desafio\node_modules\twilio\lib\base\Version.js:79:23)
    at processTicksAndRejections (node:internal/process/task_queues:96:5)
    at async Whatsapp (file:///C:/Users/Pc/Desktop/copias/asda/desafio/services/twilio.js:16:21)
    at async afterPurchase (file:///C:/Users/Pc/Desktop/copias/asda/desafio/controllers/buy.js:16:3) {
  status: 401,
  code: 20003,
  moreInfo: 'https://www.twilio.com/docs/errors/20003',
  details: undefined
}
[2023-04-29T18:44:56.459] [ERROR] default - Error: Authenticate
    at success (C:\Users\Pc\Desktop\copias\asda\desafio\node_modules\twilio\lib\base\Version.js:79:23)
    at processTicksAndRejections (node:internal/process/task_queues:96:5)
    at async Whatsapp (file:///C:/Users/Pc/Desktop/copias/asda/desafio/services/twilio.js:16:21)
    at async afterPurchase (file:///C:/Users/Pc/Desktop/copias/asda/desafio/controllers/buy.js:16:3) {
  status: 401,
  code: 20003,
  moreInfo: 'https://www.twilio.com/docs/errors/20003',
  details: undefined
}
[2023-04-29T19:03:04.480] [ERROR] default - Error: Authenticate
    at success (C:\Users\Pc\Desktop\copias\asda\desafio\node_modules\twilio\lib\base\Version.js:79:23)
    at processTicksAndRejections (node:internal/process/task_queues:96:5)
    at async Whatsapp (file:///C:/Users/Pc/Desktop/copias/asda/desafio/services/twilio.js:16:21)
    at async afterPurchase (file:///C:/Users/Pc/Desktop/copias/asda/desafio/controllers/buy.js:16:3) {
  status: 401,
  code: 20003,
  moreInfo: 'https://www.twilio.com/docs/errors/20003',
  details: undefined
}
[2023-04-29T19:04:21.491] [ERROR] default - Error: Authenticate
    at success (C:\Users\Pc\Desktop\copias\asda\desafio\node_modules\twilio\lib\base\Version.js:79:23)
    at processTicksAndRejections (node:internal/process/task_queues:96:5)
    at async Whatsapp (file:///C:/Users/Pc/Desktop/copias/asda/desafio/services/twilio.js:16:21)
    at async afterPurchase (file:///C:/Users/Pc/Desktop/copias/asda/desafio/controllers/buy.js:16:3) {
  status: 401,
  code: 20003,
  moreInfo: 'https://www.twilio.com/docs/errors/20003',
  details: undefined
}
[2023-04-29T19:05:30.387] [ERROR] default - Error: Authenticate
    at success (C:\Users\Pc\Desktop\copias\asda\desafio\node_modules\twilio\lib\base\Version.js:79:23)
    at processTicksAndRejections (node:internal/process/task_queues:96:5)
    at async Whatsapp (file:///C:/Users/Pc/Desktop/copias/asda/desafio/services/twilio.js:16:21)
    at async afterPurchase (file:///C:/Users/Pc/Desktop/copias/asda/desafio/controllers/buy.js:16:3) {
  status: 401,
  code: 20003,
  moreInfo: 'https://www.twilio.com/docs/errors/20003',
  details: undefined
}
[2023-04-29T19:14:20.320] [ERROR] default - search failed: CastError: Cast to string failed for value "{
  _id: new ObjectId("644bd4715fb2e876b67f6ec2"),
  name: 'nico',
  lastName: 'marini',
  address: 'asd123',
  age: 11,
  phoneNumber: 12344321,
  photo: '\\img\\uploads\\6eb12fe1d17a7c9ef9cc9a08d7c87a26',
  username: 'marininicolas3@gmail.com',
  password: '$2b$10$CKxS6ppVV0OSgrEguhZFdeUTH35xxWXz0jx7gdSYqSqSpkq6AXDSG',
  __v: 0
}" (type Object) at path "author.username" for model "cart"
[2023-04-29T19:14:21.517] [ERROR] default - Error: Can't send mail - all recipients were rejected: 553-5.1.3 The recipient address <asd123> is not a valid RFC-5321 address. Learn
553-5.1.3 more at
553 5.1.3  https://support.google.com/mail/answer/6596 c19-20020a05687093d300b0018b12e3a392sm9882324oal.42 - gsmtp
    at SMTPConnection._formatError (C:\Users\Pc\Desktop\copias\asda\desafio\node_modules\nodemailer\lib\smtp-connection\index.js:790:19)
    at SMTPConnection._actionRCPT (C:\Users\Pc\Desktop\copias\asda\desafio\node_modules\nodemailer\lib\smtp-connection\index.js:1638:28)
    at SMTPConnection.<anonymous> (C:\Users\Pc\Desktop\copias\asda\desafio\node_modules\nodemailer\lib\smtp-connection\index.js:1591:30)
    at SMTPConnection._processResponse (C:\Users\Pc\Desktop\copias\asda\desafio\node_modules\nodemailer\lib\smtp-connection\index.js:953:20)
    at SMTPConnection._onData (C:\Users\Pc\Desktop\copias\asda\desafio\node_modules\nodemailer\lib\smtp-connection\index.js:755:14)
    at TLSSocket.SMTPConnection._onSocketData (C:\Users\Pc\Desktop\copias\asda\desafio\node_modules\nodemailer\lib\smtp-connection\index.js:193:44)
    at TLSSocket.emit (node:events:513:28)
    at addChunk (node:internal/streams/readable:315:12)
    at readableAddChunk (node:internal/streams/readable:289:9)
    at TLSSocket.Readable.push (node:internal/streams/readable:228:10) {
  code: 'EENVELOPE',
  response: '553-5.1.3 The recipient address <asd123> is not a valid RFC-5321 address. Learn\n' +
    '553-5.1.3 more at\n' +
    '553 5.1.3  https://support.google.com/mail/answer/6596 c19-20020a05687093d300b0018b12e3a392sm9882324oal.42 - gsmtp',
  responseCode: 553,
  command: 'RCPT TO',
  rejected: [ 'asd123' ],
  rejectedErrors: [
    Error: Recipient command failed: 553-5.1.3 The recipient address <asd123> is not a valid RFC-5321 address. Learn
    553-5.1.3 more at
    553 5.1.3  https://support.google.com/mail/answer/6596 c19-20020a05687093d300b0018b12e3a392sm9882324oal.42 - gsmtp
        at SMTPConnection._formatError (C:\Users\Pc\Desktop\copias\asda\desafio\node_modules\nodemailer\lib\smtp-connection\index.js:790:19)
        at SMTPConnection._actionRCPT (C:\Users\Pc\Desktop\copias\asda\desafio\node_modules\nodemailer\lib\smtp-connection\index.js:1624:24)
        at SMTPConnection.<anonymous> (C:\Users\Pc\Desktop\copias\asda\desafio\node_modules\nodemailer\lib\smtp-connection\index.js:1591:30)
        at SMTPConnection._processResponse (C:\Users\Pc\Desktop\copias\asda\desafio\node_modules\nodemailer\lib\smtp-connection\index.js:953:20)
        at SMTPConnection._onData (C:\Users\Pc\Desktop\copias\asda\desafio\node_modules\nodemailer\lib\smtp-connection\index.js:755:14)
        at TLSSocket.SMTPConnection._onSocketData (C:\Users\Pc\Desktop\copias\asda\desafio\node_modules\nodemailer\lib\smtp-connection\index.js:193:44)
        at TLSSocket.emit (node:events:513:28)
        at addChunk (node:internal/streams/readable:315:12)
        at readableAddChunk (node:internal/streams/readable:289:9)
        at TLSSocket.Readable.push (node:internal/streams/readable:228:10) {
      code: 'EENVELOPE',
      response: '553-5.1.3 The recipient address <asd123> is not a valid RFC-5321 address. Learn\n' +
        '553-5.1.3 more at\n' +
        '553 5.1.3  https://support.google.com/mail/answer/6596 c19-20020a05687093d300b0018b12e3a392sm9882324oal.42 - gsmtp',
      responseCode: 553,
      command: 'RCPT TO',
      recipient: 'asd123'
    }
  ]
}
[2023-04-29T19:14:22.354] [ERROR] default - Error: Authenticate
    at success (C:\Users\Pc\Desktop\copias\asda\desafio\node_modules\twilio\lib\base\Version.js:79:23)
    at processTicksAndRejections (node:internal/process/task_queues:96:5)
    at async Whatsapp (file:///C:/Users/Pc/Desktop/copias/asda/desafio/services/twilio.js:16:21)
    at async afterPurchase (file:///C:/Users/Pc/Desktop/copias/asda/desafio/controllers/buy.js:16:3) {
  status: 401,
  code: 20003,
  moreInfo: 'https://www.twilio.com/docs/errors/20003',
  details: undefined
}
[2023-04-29T19:14:22.355] [ERROR] default - Deleted failed: CastError: Cast to string failed for value "{
  _id: new ObjectId("644bd4715fb2e876b67f6ec2"),
  name: 'nico',
  lastName: 'marini',
  address: 'asd123',
  age: 11,
  phoneNumber: 12344321,
  photo: '\\img\\uploads\\6eb12fe1d17a7c9ef9cc9a08d7c87a26',
  username: 'marininicolas3@gmail.com',
  password: '$2b$10$CKxS6ppVV0OSgrEguhZFdeUTH35xxWXz0jx7gdSYqSqSpkq6AXDSG',
  __v: 0
}" (type Object) at path "author.username" for model "cart"
[2023-04-29T19:15:46.736] [ERROR] default - search failed: CastError: Cast to string failed for value "{
  _id: new ObjectId("644bd4715fb2e876b67f6ec2"),
  name: 'nico',
  lastName: 'marini',
  address: 'asd123',
  age: 11,
  phoneNumber: 12344321,
  photo: '\\img\\uploads\\6eb12fe1d17a7c9ef9cc9a08d7c87a26',
  username: 'marininicolas3@gmail.com',
  password: '$2b$10$CKxS6ppVV0OSgrEguhZFdeUTH35xxWXz0jx7gdSYqSqSpkq6AXDSG',
  __v: 0
}" (type Object) at path "author.username" for model "cart"
[2023-04-29T19:15:48.285] [ERROR] default - Error: Can't send mail - all recipients were rejected: 553-5.1.3 The recipient address <asd123> is not a valid RFC-5321 address. Learn
553-5.1.3 more at
553 5.1.3  https://support.google.com/mail/answer/6596 j11-20020a4a888b000000b00524fe20aee5sm11118282ooa.34 - gsmtp
    at SMTPConnection._formatError (C:\Users\Pc\Desktop\copias\asda\desafio\node_modules\nodemailer\lib\smtp-connection\index.js:790:19)
    at SMTPConnection._actionRCPT (C:\Users\Pc\Desktop\copias\asda\desafio\node_modules\nodemailer\lib\smtp-connection\index.js:1638:28)
    at SMTPConnection.<anonymous> (C:\Users\Pc\Desktop\copias\asda\desafio\node_modules\nodemailer\lib\smtp-connection\index.js:1591:30)
    at SMTPConnection._processResponse (C:\Users\Pc\Desktop\copias\asda\desafio\node_modules\nodemailer\lib\smtp-connection\index.js:953:20)
    at SMTPConnection._onData (C:\Users\Pc\Desktop\copias\asda\desafio\node_modules\nodemailer\lib\smtp-connection\index.js:755:14)
    at TLSSocket.SMTPConnection._onSocketData (C:\Users\Pc\Desktop\copias\asda\desafio\node_modules\nodemailer\lib\smtp-connection\index.js:193:44)
    at TLSSocket.emit (node:events:513:28)
    at addChunk (node:internal/streams/readable:315:12)
    at readableAddChunk (node:internal/streams/readable:289:9)
    at TLSSocket.Readable.push (node:internal/streams/readable:228:10) {
  code: 'EENVELOPE',
  response: '553-5.1.3 The recipient address <asd123> is not a valid RFC-5321 address. Learn\n' +
    '553-5.1.3 more at\n' +
    '553 5.1.3  https://support.google.com/mail/answer/6596 j11-20020a4a888b000000b00524fe20aee5sm11118282ooa.34 - gsmtp',
  responseCode: 553,
  command: 'RCPT TO',
  rejected: [ 'asd123' ],
  rejectedErrors: [
    Error: Recipient command failed: 553-5.1.3 The recipient address <asd123> is not a valid RFC-5321 address. Learn
    553-5.1.3 more at
    553 5.1.3  https://support.google.com/mail/answer/6596 j11-20020a4a888b000000b00524fe20aee5sm11118282ooa.34 - gsmtp
        at SMTPConnection._formatError (C:\Users\Pc\Desktop\copias\asda\desafio\node_modules\nodemailer\lib\smtp-connection\index.js:790:19)
        at SMTPConnection._actionRCPT (C:\Users\Pc\Desktop\copias\asda\desafio\node_modules\nodemailer\lib\smtp-connection\index.js:1624:24)
        at SMTPConnection.<anonymous> (C:\Users\Pc\Desktop\copias\asda\desafio\node_modules\nodemailer\lib\smtp-connection\index.js:1591:30)
        at SMTPConnection._processResponse (C:\Users\Pc\Desktop\copias\asda\desafio\node_modules\nodemailer\lib\smtp-connection\index.js:953:20)
        at SMTPConnection._onData (C:\Users\Pc\Desktop\copias\asda\desafio\node_modules\nodemailer\lib\smtp-connection\index.js:755:14)
        at TLSSocket.SMTPConnection._onSocketData (C:\Users\Pc\Desktop\copias\asda\desafio\node_modules\nodemailer\lib\smtp-connection\index.js:193:44)
        at TLSSocket.emit (node:events:513:28)
        at addChunk (node:internal/streams/readable:315:12)
        at readableAddChunk (node:internal/streams/readable:289:9)
        at TLSSocket.Readable.push (node:internal/streams/readable:228:10) {
      code: 'EENVELOPE',
      response: '553-5.1.3 The recipient address <asd123> is not a valid RFC-5321 address. Learn\n' +
        '553-5.1.3 more at\n' +
        '553 5.1.3  https://support.google.com/mail/answer/6596 j11-20020a4a888b000000b00524fe20aee5sm11118282ooa.34 - gsmtp',
      responseCode: 553,
      command: 'RCPT TO',
      recipient: 'asd123'
    }
  ]
}
[2023-04-29T19:15:49.258] [ERROR] default - Error: Authenticate
    at success (C:\Users\Pc\Desktop\copias\asda\desafio\node_modules\twilio\lib\base\Version.js:79:23)
    at processTicksAndRejections (node:internal/process/task_queues:96:5)
    at async Whatsapp (file:///C:/Users/Pc/Desktop/copias/asda/desafio/services/twilio.js:16:21)
    at async afterPurchase (file:///C:/Users/Pc/Desktop/copias/asda/desafio/controllers/buy.js:16:3) {
  status: 401,
  code: 20003,
  moreInfo: 'https://www.twilio.com/docs/errors/20003',
  details: undefined
}
[2023-04-29T19:15:49.259] [ERROR] default - Deleted failed: CastError: Cast to string failed for value "{
  _id: new ObjectId("644bd4715fb2e876b67f6ec2"),
  name: 'nico',
  lastName: 'marini',
  address: 'asd123',
  age: 11,
  phoneNumber: 12344321,
  photo: '\\img\\uploads\\6eb12fe1d17a7c9ef9cc9a08d7c87a26',
  username: 'marininicolas3@gmail.com',
  password: '$2b$10$CKxS6ppVV0OSgrEguhZFdeUTH35xxWXz0jx7gdSYqSqSpkq6AXDSG',
  __v: 0
}" (type Object) at path "author.username" for model "cart"
[2023-04-29T19:22:21.608] [ERROR] default - search failed: CastError: Cast to string failed for value "{
  _id: new ObjectId("644bd4715fb2e876b67f6ec2"),
  name: 'nico',
  lastName: 'marini',
  address: 'asd123',
  age: 11,
  phoneNumber: 12344321,
  photo: '\\img\\uploads\\6eb12fe1d17a7c9ef9cc9a08d7c87a26',
  username: 'marininicolas3@gmail.com',
  password: '$2b$10$CKxS6ppVV0OSgrEguhZFdeUTH35xxWXz0jx7gdSYqSqSpkq6AXDSG',
  __v: 0
}" (type Object) at path "author.username" for model "cart"
[2023-04-29T19:22:22.722] [ERROR] default - Error: Can't send mail - all recipients were rejected: 553-5.1.3 The recipient address <asd123> is not a valid RFC-5321 address. Learn
553-5.1.3 more at
553 5.1.3  https://support.google.com/mail/answer/6596 v19-20020a9d4e93000000b006a5f2111226sm10354281otk.55 - gsmtp
    at SMTPConnection._formatError (C:\Users\Pc\Desktop\copias\asda\desafio\node_modules\nodemailer\lib\smtp-connection\index.js:790:19)
    at SMTPConnection._actionRCPT (C:\Users\Pc\Desktop\copias\asda\desafio\node_modules\nodemailer\lib\smtp-connection\index.js:1638:28)
    at SMTPConnection.<anonymous> (C:\Users\Pc\Desktop\copias\asda\desafio\node_modules\nodemailer\lib\smtp-connection\index.js:1591:30)
    at SMTPConnection._processResponse (C:\Users\Pc\Desktop\copias\asda\desafio\node_modules\nodemailer\lib\smtp-connection\index.js:953:20)
    at SMTPConnection._onData (C:\Users\Pc\Desktop\copias\asda\desafio\node_modules\nodemailer\lib\smtp-connection\index.js:755:14)
    at TLSSocket.SMTPConnection._onSocketData (C:\Users\Pc\Desktop\copias\asda\desafio\node_modules\nodemailer\lib\smtp-connection\index.js:193:44)
    at TLSSocket.emit (node:events:513:28)
    at addChunk (node:internal/streams/readable:315:12)
    at readableAddChunk (node:internal/streams/readable:289:9)
    at TLSSocket.Readable.push (node:internal/streams/readable:228:10) {
  code: 'EENVELOPE',
  response: '553-5.1.3 The recipient address <asd123> is not a valid RFC-5321 address. Learn\n' +
    '553-5.1.3 more at\n' +
    '553 5.1.3  https://support.google.com/mail/answer/6596 v19-20020a9d4e93000000b006a5f2111226sm10354281otk.55 - gsmtp',
  responseCode: 553,
  command: 'RCPT TO',
  rejected: [ 'asd123' ],
  rejectedErrors: [
    Error: Recipient command failed: 553-5.1.3 The recipient address <asd123> is not a valid RFC-5321 address. Learn
    553-5.1.3 more at
    553 5.1.3  https://support.google.com/mail/answer/6596 v19-20020a9d4e93000000b006a5f2111226sm10354281otk.55 - gsmtp
        at SMTPConnection._formatError (C:\Users\Pc\Desktop\copias\asda\desafio\node_modules\nodemailer\lib\smtp-connection\index.js:790:19)
        at SMTPConnection._actionRCPT (C:\Users\Pc\Desktop\copias\asda\desafio\node_modules\nodemailer\lib\smtp-connection\index.js:1624:24)
        at SMTPConnection.<anonymous> (C:\Users\Pc\Desktop\copias\asda\desafio\node_modules\nodemailer\lib\smtp-connection\index.js:1591:30)
        at SMTPConnection._processResponse (C:\Users\Pc\Desktop\copias\asda\desafio\node_modules\nodemailer\lib\smtp-connection\index.js:953:20)
        at SMTPConnection._onData (C:\Users\Pc\Desktop\copias\asda\desafio\node_modules\nodemailer\lib\smtp-connection\index.js:755:14)
        at TLSSocket.SMTPConnection._onSocketData (C:\Users\Pc\Desktop\copias\asda\desafio\node_modules\nodemailer\lib\smtp-connection\index.js:193:44)
        at TLSSocket.emit (node:events:513:28)
        at addChunk (node:internal/streams/readable:315:12)
        at readableAddChunk (node:internal/streams/readable:289:9)
        at TLSSocket.Readable.push (node:internal/streams/readable:228:10) {
      code: 'EENVELOPE',
      response: '553-5.1.3 The recipient address <asd123> is not a valid RFC-5321 address. Learn\n' +
        '553-5.1.3 more at\n' +
        '553 5.1.3  https://support.google.com/mail/answer/6596 v19-20020a9d4e93000000b006a5f2111226sm10354281otk.55 - gsmtp',
      responseCode: 553,
      command: 'RCPT TO',
      recipient: 'asd123'
    }
  ]
}
[2023-04-29T19:22:23.618] [ERROR] default - Error: Authenticate
    at success (C:\Users\Pc\Desktop\copias\asda\desafio\node_modules\twilio\lib\base\Version.js:79:23)
    at processTicksAndRejections (node:internal/process/task_queues:96:5)
    at async Whatsapp (file:///C:/Users/Pc/Desktop/copias/asda/desafio/services/twilio.js:16:21)
    at async afterPurchase (file:///C:/Users/Pc/Desktop/copias/asda/desafio/controllers/buy.js:16:3) {
  status: 401,
  code: 20003,
  moreInfo: 'https://www.twilio.com/docs/errors/20003',
  details: undefined
}
[2023-04-29T19:22:23.620] [ERROR] default - Deleted failed: CastError: Cast to string failed for value "{
  _id: new ObjectId("644bd4715fb2e876b67f6ec2"),
  name: 'nico',
  lastName: 'marini',
  address: 'asd123',
  age: 11,
  phoneNumber: 12344321,
  photo: '\\img\\uploads\\6eb12fe1d17a7c9ef9cc9a08d7c87a26',
  username: 'marininicolas3@gmail.com',
  password: '$2b$10$CKxS6ppVV0OSgrEguhZFdeUTH35xxWXz0jx7gdSYqSqSpkq6AXDSG',
  __v: 0
}" (type Object) at path "author.username" for model "cart"
[2023-04-29T19:25:14.685] [ERROR] default - search failed: CastError: Cast to string failed for value "{
  _id: new ObjectId("644bd4715fb2e876b67f6ec2"),
  name: 'nico',
  lastName: 'marini',
  address: 'asd123',
  age: 11,
  phoneNumber: 12344321,
  photo: '\\img\\uploads\\6eb12fe1d17a7c9ef9cc9a08d7c87a26',
  username: 'marininicolas3@gmail.com',
  password: '$2b$10$CKxS6ppVV0OSgrEguhZFdeUTH35xxWXz0jx7gdSYqSqSpkq6AXDSG',
  __v: 0
}" (type Object) at path "author.username" for model "cart"
[2023-04-29T19:25:15.800] [ERROR] default - Error: Can't send mail - all recipients were rejected: 553-5.1.3 The recipient address <asd123> is not a valid RFC-5321 address. Learn
553-5.1.3 more at
553 5.1.3  https://support.google.com/mail/answer/6596 j6-20020acab906000000b00383eaea5e88sm10054766oif.38 - gsmtp
    at SMTPConnection._formatError (C:\Users\Pc\Desktop\copias\asda\desafio\node_modules\nodemailer\lib\smtp-connection\index.js:790:19)
    at SMTPConnection._actionRCPT (C:\Users\Pc\Desktop\copias\asda\desafio\node_modules\nodemailer\lib\smtp-connection\index.js:1638:28)
    at SMTPConnection.<anonymous> (C:\Users\Pc\Desktop\copias\asda\desafio\node_modules\nodemailer\lib\smtp-connection\index.js:1591:30)
    at SMTPConnection._processResponse (C:\Users\Pc\Desktop\copias\asda\desafio\node_modules\nodemailer\lib\smtp-connection\index.js:953:20)
    at SMTPConnection._onData (C:\Users\Pc\Desktop\copias\asda\desafio\node_modules\nodemailer\lib\smtp-connection\index.js:755:14)
    at TLSSocket.SMTPConnection._onSocketData (C:\Users\Pc\Desktop\copias\asda\desafio\node_modules\nodemailer\lib\smtp-connection\index.js:193:44)
    at TLSSocket.emit (node:events:513:28)
    at addChunk (node:internal/streams/readable:315:12)
    at readableAddChunk (node:internal/streams/readable:289:9)
    at TLSSocket.Readable.push (node:internal/streams/readable:228:10) {
  code: 'EENVELOPE',
  response: '553-5.1.3 The recipient address <asd123> is not a valid RFC-5321 address. Learn\n' +
    '553-5.1.3 more at\n' +
    '553 5.1.3  https://support.google.com/mail/answer/6596 j6-20020acab906000000b00383eaea5e88sm10054766oif.38 - gsmtp',
  responseCode: 553,
  command: 'RCPT TO',
  rejected: [ 'asd123' ],
  rejectedErrors: [
    Error: Recipient command failed: 553-5.1.3 The recipient address <asd123> is not a valid RFC-5321 address. Learn
    553-5.1.3 more at
    553 5.1.3  https://support.google.com/mail/answer/6596 j6-20020acab906000000b00383eaea5e88sm10054766oif.38 - gsmtp
        at SMTPConnection._formatError (C:\Users\Pc\Desktop\copias\asda\desafio\node_modules\nodemailer\lib\smtp-connection\index.js:790:19)
        at SMTPConnection._actionRCPT (C:\Users\Pc\Desktop\copias\asda\desafio\node_modules\nodemailer\lib\smtp-connection\index.js:1624:24)
        at SMTPConnection.<anonymous> (C:\Users\Pc\Desktop\copias\asda\desafio\node_modules\nodemailer\lib\smtp-connection\index.js:1591:30)
        at SMTPConnection._processResponse (C:\Users\Pc\Desktop\copias\asda\desafio\node_modules\nodemailer\lib\smtp-connection\index.js:953:20)
        at SMTPConnection._onData (C:\Users\Pc\Desktop\copias\asda\desafio\node_modules\nodemailer\lib\smtp-connection\index.js:755:14)
        at TLSSocket.SMTPConnection._onSocketData (C:\Users\Pc\Desktop\copias\asda\desafio\node_modules\nodemailer\lib\smtp-connection\index.js:193:44)
        at TLSSocket.emit (node:events:513:28)
        at addChunk (node:internal/streams/readable:315:12)
        at readableAddChunk (node:internal/streams/readable:289:9)
        at TLSSocket.Readable.push (node:internal/streams/readable:228:10) {
      code: 'EENVELOPE',
      response: '553-5.1.3 The recipient address <asd123> is not a valid RFC-5321 address. Learn\n' +
        '553-5.1.3 more at\n' +
        '553 5.1.3  https://support.google.com/mail/answer/6596 j6-20020acab906000000b00383eaea5e88sm10054766oif.38 - gsmtp',
      responseCode: 553,
      command: 'RCPT TO',
      recipient: 'asd123'
    }
  ]
}
[2023-04-29T19:25:16.634] [ERROR] default - Error: Authenticate
    at success (C:\Users\Pc\Desktop\copias\asda\desafio\node_modules\twilio\lib\base\Version.js:79:23)
    at processTicksAndRejections (node:internal/process/task_queues:96:5)
    at async Whatsapp (file:///C:/Users/Pc/Desktop/copias/asda/desafio/services/twilio.js:16:21)
    at async afterPurchase (file:///C:/Users/Pc/Desktop/copias/asda/desafio/controllers/buy.js:17:3) {
  status: 401,
  code: 20003,
  moreInfo: 'https://www.twilio.com/docs/errors/20003',
  details: undefined
}
[2023-04-29T19:25:16.636] [ERROR] default - Deleted failed: CastError: Cast to string failed for value "{
  _id: new ObjectId("644bd4715fb2e876b67f6ec2"),
  name: 'nico',
  lastName: 'marini',
  address: 'asd123',
  age: 11,
  phoneNumber: 12344321,
  photo: '\\img\\uploads\\6eb12fe1d17a7c9ef9cc9a08d7c87a26',
  username: 'marininicolas3@gmail.com',
  password: '$2b$10$CKxS6ppVV0OSgrEguhZFdeUTH35xxWXz0jx7gdSYqSqSpkq6AXDSG',
  __v: 0
}" (type Object) at path "author.username" for model "cart"
[2023-04-29T19:26:28.251] [ERROR] default - search failed: CastError: Cast to string failed for value "{
  _id: new ObjectId("644bd4715fb2e876b67f6ec2"),
  name: 'nico',
  lastName: 'marini',
  address: 'asd123',
  age: 11,
  phoneNumber: 12344321,
  photo: '\\img\\uploads\\6eb12fe1d17a7c9ef9cc9a08d7c87a26',
  username: 'marininicolas3@gmail.com',
  password: '$2b$10$CKxS6ppVV0OSgrEguhZFdeUTH35xxWXz0jx7gdSYqSqSpkq6AXDSG',
  __v: 0
}" (type Object) at path "author.username" for model "cart"
[2023-04-29T19:26:29.413] [ERROR] default - Error: Can't send mail - all recipients were rejected: 553-5.1.3 The recipient address <asd123> is not a valid RFC-5321 address. Learn
553-5.1.3 more at
553 5.1.3  https://support.google.com/mail/answer/6596 m41-20020a4a952c000000b005251e3f92ecsm11104611ooi.47 - gsmtp
    at SMTPConnection._formatError (C:\Users\Pc\Desktop\copias\asda\desafio\node_modules\nodemailer\lib\smtp-connection\index.js:790:19)
    at SMTPConnection._actionRCPT (C:\Users\Pc\Desktop\copias\asda\desafio\node_modules\nodemailer\lib\smtp-connection\index.js:1638:28)
    at SMTPConnection.<anonymous> (C:\Users\Pc\Desktop\copias\asda\desafio\node_modules\nodemailer\lib\smtp-connection\index.js:1591:30)
    at SMTPConnection._processResponse (C:\Users\Pc\Desktop\copias\asda\desafio\node_modules\nodemailer\lib\smtp-connection\index.js:953:20)
    at SMTPConnection._onData (C:\Users\Pc\Desktop\copias\asda\desafio\node_modules\nodemailer\lib\smtp-connection\index.js:755:14)
    at TLSSocket.SMTPConnection._onSocketData (C:\Users\Pc\Desktop\copias\asda\desafio\node_modules\nodemailer\lib\smtp-connection\index.js:193:44)
    at TLSSocket.emit (node:events:513:28)
    at addChunk (node:internal/streams/readable:315:12)
    at readableAddChunk (node:internal/streams/readable:289:9)
    at TLSSocket.Readable.push (node:internal/streams/readable:228:10) {
  code: 'EENVELOPE',
  response: '553-5.1.3 The recipient address <asd123> is not a valid RFC-5321 address. Learn\n' +
    '553-5.1.3 more at\n' +
    '553 5.1.3  https://support.google.com/mail/answer/6596 m41-20020a4a952c000000b005251e3f92ecsm11104611ooi.47 - gsmtp',
  responseCode: 553,
  command: 'RCPT TO',
  rejected: [ 'asd123' ],
  rejectedErrors: [
    Error: Recipient command failed: 553-5.1.3 The recipient address <asd123> is not a valid RFC-5321 address. Learn
    553-5.1.3 more at
    553 5.1.3  https://support.google.com/mail/answer/6596 m41-20020a4a952c000000b005251e3f92ecsm11104611ooi.47 - gsmtp
        at SMTPConnection._formatError (C:\Users\Pc\Desktop\copias\asda\desafio\node_modules\nodemailer\lib\smtp-connection\index.js:790:19)
        at SMTPConnection._actionRCPT (C:\Users\Pc\Desktop\copias\asda\desafio\node_modules\nodemailer\lib\smtp-connection\index.js:1624:24)
        at SMTPConnection.<anonymous> (C:\Users\Pc\Desktop\copias\asda\desafio\node_modules\nodemailer\lib\smtp-connection\index.js:1591:30)
        at SMTPConnection._processResponse (C:\Users\Pc\Desktop\copias\asda\desafio\node_modules\nodemailer\lib\smtp-connection\index.js:953:20)
        at SMTPConnection._onData (C:\Users\Pc\Desktop\copias\asda\desafio\node_modules\nodemailer\lib\smtp-connection\index.js:755:14)
        at TLSSocket.SMTPConnection._onSocketData (C:\Users\Pc\Desktop\copias\asda\desafio\node_modules\nodemailer\lib\smtp-connection\index.js:193:44)
        at TLSSocket.emit (node:events:513:28)
        at addChunk (node:internal/streams/readable:315:12)
        at readableAddChunk (node:internal/streams/readable:289:9)
        at TLSSocket.Readable.push (node:internal/streams/readable:228:10) {
      code: 'EENVELOPE',
      response: '553-5.1.3 The recipient address <asd123> is not a valid RFC-5321 address. Learn\n' +
        '553-5.1.3 more at\n' +
        '553 5.1.3  https://support.google.com/mail/answer/6596 m41-20020a4a952c000000b005251e3f92ecsm11104611ooi.47 - gsmtp',
      responseCode: 553,
      command: 'RCPT TO',
      recipient: 'asd123'
    }
  ]
}
[2023-04-29T19:26:30.257] [ERROR] default - Error: Authenticate
    at success (C:\Users\Pc\Desktop\copias\asda\desafio\node_modules\twilio\lib\base\Version.js:79:23)
    at processTicksAndRejections (node:internal/process/task_queues:96:5)
    at async Whatsapp (file:///C:/Users/Pc/Desktop/copias/asda/desafio/services/twilio.js:16:21)
    at async afterPurchase (file:///C:/Users/Pc/Desktop/copias/asda/desafio/controllers/buy.js:17:3) {
  status: 401,
  code: 20003,
  moreInfo: 'https://www.twilio.com/docs/errors/20003',
  details: undefined
}
[2023-04-29T19:26:30.258] [ERROR] default - Deleted failed: CastError: Cast to string failed for value "{
  _id: new ObjectId("644bd4715fb2e876b67f6ec2"),
  name: 'nico',
  lastName: 'marini',
  address: 'asd123',
  age: 11,
  phoneNumber: 12344321,
  photo: '\\img\\uploads\\6eb12fe1d17a7c9ef9cc9a08d7c87a26',
  username: 'marininicolas3@gmail.com',
  password: '$2b$10$CKxS6ppVV0OSgrEguhZFdeUTH35xxWXz0jx7gdSYqSqSpkq6AXDSG',
  __v: 0
}" (type Object) at path "author.username" for model "cart"
[2023-04-29T19:27:27.353] [ERROR] default - search failed: CastError: Cast to string failed for value "{
  _id: new ObjectId("644bd4715fb2e876b67f6ec2"),
  name: 'nico',
  lastName: 'marini',
  address: 'asd123',
  age: 11,
  phoneNumber: 12344321,
  photo: '\\img\\uploads\\6eb12fe1d17a7c9ef9cc9a08d7c87a26',
  username: 'marininicolas3@gmail.com',
  password: '$2b$10$CKxS6ppVV0OSgrEguhZFdeUTH35xxWXz0jx7gdSYqSqSpkq6AXDSG',
  __v: 0
}" (type Object) at path "author.username" for model "cart"
[2023-04-29T19:27:28.579] [ERROR] default - Error: Can't send mail - all recipients were rejected: 553-5.1.3 The recipient address <asd123> is not a valid RFC-5321 address. Learn
553-5.1.3 more at
553 5.1.3  https://support.google.com/mail/answer/6596 zf24-20020a0568716a9800b0017ae6741157sm10067345oab.4 - gsmtp
    at SMTPConnection._formatError (C:\Users\Pc\Desktop\copias\asda\desafio\node_modules\nodemailer\lib\smtp-connection\index.js:790:19)
    at SMTPConnection._actionRCPT (C:\Users\Pc\Desktop\copias\asda\desafio\node_modules\nodemailer\lib\smtp-connection\index.js:1638:28)
    at SMTPConnection.<anonymous> (C:\Users\Pc\Desktop\copias\asda\desafio\node_modules\nodemailer\lib\smtp-connection\index.js:1591:30)
    at SMTPConnection._processResponse (C:\Users\Pc\Desktop\copias\asda\desafio\node_modules\nodemailer\lib\smtp-connection\index.js:953:20)
    at SMTPConnection._onData (C:\Users\Pc\Desktop\copias\asda\desafio\node_modules\nodemailer\lib\smtp-connection\index.js:755:14)
    at TLSSocket.SMTPConnection._onSocketData (C:\Users\Pc\Desktop\copias\asda\desafio\node_modules\nodemailer\lib\smtp-connection\index.js:193:44)
    at TLSSocket.emit (node:events:513:28)
    at addChunk (node:internal/streams/readable:315:12)
    at readableAddChunk (node:internal/streams/readable:289:9)
    at TLSSocket.Readable.push (node:internal/streams/readable:228:10) {
  code: 'EENVELOPE',
  response: '553-5.1.3 The recipient address <asd123> is not a valid RFC-5321 address. Learn\n' +
    '553-5.1.3 more at\n' +
    '553 5.1.3  https://support.google.com/mail/answer/6596 zf24-20020a0568716a9800b0017ae6741157sm10067345oab.4 - gsmtp',
  responseCode: 553,
  command: 'RCPT TO',
  rejected: [ 'asd123' ],
  rejectedErrors: [
    Error: Recipient command failed: 553-5.1.3 The recipient address <asd123> is not a valid RFC-5321 address. Learn
    553-5.1.3 more at
    553 5.1.3  https://support.google.com/mail/answer/6596 zf24-20020a0568716a9800b0017ae6741157sm10067345oab.4 - gsmtp
        at SMTPConnection._formatError (C:\Users\Pc\Desktop\copias\asda\desafio\node_modules\nodemailer\lib\smtp-connection\index.js:790:19)
        at SMTPConnection._actionRCPT (C:\Users\Pc\Desktop\copias\asda\desafio\node_modules\nodemailer\lib\smtp-connection\index.js:1624:24)
        at SMTPConnection.<anonymous> (C:\Users\Pc\Desktop\copias\asda\desafio\node_modules\nodemailer\lib\smtp-connection\index.js:1591:30)
        at SMTPConnection._processResponse (C:\Users\Pc\Desktop\copias\asda\desafio\node_modules\nodemailer\lib\smtp-connection\index.js:953:20)
        at SMTPConnection._onData (C:\Users\Pc\Desktop\copias\asda\desafio\node_modules\nodemailer\lib\smtp-connection\index.js:755:14)
        at TLSSocket.SMTPConnection._onSocketData (C:\Users\Pc\Desktop\copias\asda\desafio\node_modules\nodemailer\lib\smtp-connection\index.js:193:44)
        at TLSSocket.emit (node:events:513:28)
        at addChunk (node:internal/streams/readable:315:12)
        at readableAddChunk (node:internal/streams/readable:289:9)
        at TLSSocket.Readable.push (node:internal/streams/readable:228:10) {
      code: 'EENVELOPE',
      response: '553-5.1.3 The recipient address <asd123> is not a valid RFC-5321 address. Learn\n' +
        '553-5.1.3 more at\n' +
        '553 5.1.3  https://support.google.com/mail/answer/6596 zf24-20020a0568716a9800b0017ae6741157sm10067345oab.4 - gsmtp',
      responseCode: 553,
      command: 'RCPT TO',
      recipient: 'asd123'
    }
  ]
}
[2023-04-29T19:27:29.380] [ERROR] default - Error: Authenticate
    at success (C:\Users\Pc\Desktop\copias\asda\desafio\node_modules\twilio\lib\base\Version.js:79:23)
    at processTicksAndRejections (node:internal/process/task_queues:96:5)
    at async Whatsapp (file:///C:/Users/Pc/Desktop/copias/asda/desafio/services/twilio.js:16:21)
    at async afterPurchase (file:///C:/Users/Pc/Desktop/copias/asda/desafio/controllers/buy.js:17:3) {
  status: 401,
  code: 20003,
  moreInfo: 'https://www.twilio.com/docs/errors/20003',
  details: undefined
}
[2023-04-29T19:27:29.381] [ERROR] default - Deleted failed: CastError: Cast to string failed for value "{
  _id: new ObjectId("644bd4715fb2e876b67f6ec2"),
  name: 'nico',
  lastName: 'marini',
  address: 'asd123',
  age: 11,
  phoneNumber: 12344321,
  photo: '\\img\\uploads\\6eb12fe1d17a7c9ef9cc9a08d7c87a26',
  username: 'marininicolas3@gmail.com',
  password: '$2b$10$CKxS6ppVV0OSgrEguhZFdeUTH35xxWXz0jx7gdSYqSqSpkq6AXDSG',
  __v: 0
}" (type Object) at path "author.username" for model "cart"
[2023-04-29T19:29:17.547] [ERROR] default - Error: Authenticate
    at success (C:\Users\Pc\Desktop\copias\asda\desafio\node_modules\twilio\lib\base\Version.js:79:23)
    at processTicksAndRejections (node:internal/process/task_queues:96:5)
    at async Whatsapp (file:///C:/Users/Pc/Desktop/copias/asda/desafio/services/twilio.js:16:21)
    at async afterPurchase (file:///C:/Users/Pc/Desktop/copias/asda/desafio/controllers/buy.js:17:3) {
  status: 401,
  code: 20003,
  moreInfo: 'https://www.twilio.com/docs/errors/20003',
  details: undefined
}
[2023-04-29T19:35:46.033] [ERROR] default - Error: Authenticate
    at success (C:\Users\Pc\Desktop\copias\asda\desafio\node_modules\twilio\lib\base\Version.js:79:23)
    at processTicksAndRejections (node:internal/process/task_queues:96:5)
    at async Whatsapp (file:///C:/Users/Pc/Desktop/copias/asda/desafio/services/twilio.js:16:21)
    at async afterPurchase (file:///C:/Users/Pc/Desktop/copias/asda/desafio/controllers/buy.js:17:3) {
  status: 401,
  code: 20003,
  moreInfo: 'https://www.twilio.com/docs/errors/20003',
  details: undefined
}
[2023-04-29T19:36:50.057] [ERROR] default - Error: Authenticate
    at success (C:\Users\Pc\Desktop\copias\asda\desafio\node_modules\twilio\lib\base\Version.js:79:23)
    at processTicksAndRejections (node:internal/process/task_queues:96:5)
    at async Whatsapp (file:///C:/Users/Pc/Desktop/copias/asda/desafio/services/twilio.js:16:21)
    at async afterPurchase (file:///C:/Users/Pc/Desktop/copias/asda/desafio/controllers/buy.js:17:3) {
  status: 401,
  code: 20003,
  moreInfo: 'https://www.twilio.com/docs/errors/20003',
  details: undefined
}
[2023-04-29T19:37:51.694] [ERROR] default - Error: Authenticate
    at success (C:\Users\Pc\Desktop\copias\asda\desafio\node_modules\twilio\lib\base\Version.js:79:23)
    at processTicksAndRejections (node:internal/process/task_queues:96:5)
    at async Whatsapp (file:///C:/Users/Pc/Desktop/copias/asda/desafio/services/twilio.js:16:21)
    at async afterPurchase (file:///C:/Users/Pc/Desktop/copias/asda/desafio/controllers/buy.js:17:3) {
  status: 401,
  code: 20003,
  moreInfo: 'https://www.twilio.com/docs/errors/20003',
  details: undefined
}
[2023-04-29T19:40:03.242] [ERROR] default - Error: Authenticate
    at success (C:\Users\Pc\Desktop\copias\asda\desafio\node_modules\twilio\lib\base\Version.js:79:23)
    at processTicksAndRejections (node:internal/process/task_queues:96:5)
    at async Whatsapp (file:///C:/Users/Pc/Desktop/copias/asda/desafio/services/twilio.js:16:21)
    at async afterPurchase (file:///C:/Users/Pc/Desktop/copias/asda/desafio/controllers/buy.js:17:3) {
  status: 401,
  code: 20003,
  moreInfo: 'https://www.twilio.com/docs/errors/20003',
  details: undefined
}
[2023-04-29T21:48:55.564] [ERROR] default - Error: Authenticate
    at success (C:\Users\Pc\Desktop\copias\asda\desafio\node_modules\twilio\lib\base\Version.js:79:23)
    at processTicksAndRejections (node:internal/process/task_queues:96:5)
    at async Whatsapp (file:///C:/Users/Pc/Desktop/copias/asda/desafio/services/twilio.js:16:21)
    at async afterPurchase (file:///C:/Users/Pc/Desktop/copias/asda/desafio/controllers/buy.js:16:3) {
  status: 401,
  code: 20003,
  moreInfo: 'https://www.twilio.com/docs/errors/20003',
  details: undefined
}
[2023-04-29T21:50:14.827] [ERROR] default - Error: Authenticate
    at success (C:\Users\Pc\Desktop\copias\asda\desafio\node_modules\twilio\lib\base\Version.js:79:23)
    at processTicksAndRejections (node:internal/process/task_queues:96:5)
    at async Whatsapp (file:///C:/Users/Pc/Desktop/copias/asda/desafio/services/twilio.js:16:21)
    at async afterPurchase (file:///C:/Users/Pc/Desktop/copias/asda/desafio/controllers/buy.js:16:3) {
  status: 401,
  code: 20003,
  moreInfo: 'https://www.twilio.com/docs/errors/20003',
  details: undefined
}
[2023-04-29T21:51:40.371] [ERROR] default - Error: Authenticate
    at success (C:\Users\Pc\Desktop\copias\asda\desafio\node_modules\twilio\lib\base\Version.js:79:23)
    at processTicksAndRejections (node:internal/process/task_queues:96:5)
    at async Whatsapp (file:///C:/Users/Pc/Desktop/copias/asda/desafio/services/twilio.js:16:21)
    at async afterPurchase (file:///C:/Users/Pc/Desktop/copias/asda/desafio/controllers/buy.js:16:3) {
  status: 401,
  code: 20003,
  moreInfo: 'https://www.twilio.com/docs/errors/20003',
  details: undefined
}
[2023-04-29T21:53:06.037] [ERROR] default - Error: Authenticate
    at success (C:\Users\Pc\Desktop\copias\asda\desafio\node_modules\twilio\lib\base\Version.js:79:23)
    at processTicksAndRejections (node:internal/process/task_queues:96:5)
    at async Whatsapp (file:///C:/Users/Pc/Desktop/copias/asda/desafio/services/twilio.js:16:21)
    at async afterPurchase (file:///C:/Users/Pc/Desktop/copias/asda/desafio/controllers/buy.js:16:3) {
  status: 401,
  code: 20003,
  moreInfo: 'https://www.twilio.com/docs/errors/20003',
  details: undefined
}
[2023-04-30T10:51:18.526] [ERROR] default - Error: Authenticate
    at success (C:\Users\Pc\Desktop\AVER\proyecto-final-backend\node_modules\twilio\lib\base\Version.js:79:23)
    at processTicksAndRejections (node:internal/process/task_queues:96:5)
    at async Whatsapp (file:///C:/Users/Pc/Desktop/AVER/proyecto-final-backend/services/twilio.js:16:21)
    at async afterPurchase (file:///C:/Users/Pc/Desktop/AVER/proyecto-final-backend/controllers/buy.js:16:3) {
  status: 401,
  code: 20003,
  moreInfo: 'https://www.twilio.com/docs/errors/20003',
  details: undefined
}
[2023-04-30T12:25:28.387] [ERROR] default - Error: Authenticate
    at success (C:\Users\Pc\Desktop\AVER\proyecto-final-backend\node_modules\twilio\lib\base\Version.js:79:23)
    at processTicksAndRejections (node:internal/process/task_queues:96:5)
    at async Whatsapp (file:///C:/Users/Pc/Desktop/AVER/proyecto-final-backend/services/twilio.js:16:21)
    at async afterPurchase (file:///C:/Users/Pc/Desktop/AVER/proyecto-final-backend/controllers/buy.js:16:3) {
  status: 401,
  code: 20003,
  moreInfo: 'https://www.twilio.com/docs/errors/20003',
  details: undefined
}
[2023-04-30T12:27:38.890] [ERROR] default - Error: Authenticate
    at success (C:\Users\Pc\Desktop\AVER\proyecto-final-backend\node_modules\twilio\lib\base\Version.js:79:23)
    at processTicksAndRejections (node:internal/process/task_queues:96:5)
    at async Whatsapp (file:///C:/Users/Pc/Desktop/AVER/proyecto-final-backend/services/twilio.js:16:21)
    at async afterPurchase (file:///C:/Users/Pc/Desktop/AVER/proyecto-final-backend/controllers/buy.js:16:3) {
  status: 401,
  code: 20003,
  moreInfo: 'https://www.twilio.com/docs/errors/20003',
  details: undefined
}
